<?xml version="1.0" encoding="UTF-8"?>
<testng-results skipped="0" failed="0" total="2" passed="2">
  <reporter-output>
  </reporter-output>
  <suite name="Grid Test" duration-ms="22762" started-at="2016-12-16T05:57:33Z" finished-at="2016-12-16T05:57:56Z">
    <groups>
    </groups>
    <test name="On Chrome" duration-ms="12227" started-at="2016-12-16T05:57:33Z" finished-at="2016-12-16T05:57:45Z">
      <class name="grid.GridEg">
        <test-method status="PASS" signature="g(java.lang.String)[pri:0, instance:grid.GridEg@2112481a]" name="g" duration-ms="12165" started-at="2016-12-16T11:27:33Z" finished-at="2016-12-16T11:27:45Z">
          <params>
            <param index="0">
              <value>
                <![CDATA[chrome]]>
              </value>
            </param>
          </params>
          <reporter-output>
          </reporter-output>
        </test-method> <!-- g -->
      </class> <!-- grid.GridEg -->
    </test> <!-- On Chrome -->
    <test name="On Firefox" duration-ms="22762" started-at="2016-12-16T05:57:33Z" finished-at="2016-12-16T05:57:56Z">
      <class name="grid.GridEg">
        <test-method status="PASS" signature="g(java.lang.String)[pri:0, instance:grid.GridEg@6ecae1b3]" name="g" duration-ms="22701" started-at="2016-12-16T11:27:33Z" finished-at="2016-12-16T11:27:56Z">
          <params>
            <param index="0">
              <value>
                <![CDATA[firefox]]>
              </value>
            </param>
          </params>
          <reporter-output>
          </reporter-output>
        </test-method> <!-- g -->
      </class> <!-- grid.GridEg -->
    </test> <!-- On Firefox -->
  </suite> <!-- Grid Test -->
</testng-results>
